[11:21:53] [ServerMain/INFO]: [bootstrap] Running Java 21 (OpenJDK 64-Bit Server VM 21.0.9+10-LTS; Eclipse Adoptium Temurin-21.0.9+10) on Windows 11 10.0 (amd64)
[11:21:53] [ServerMain/INFO]: [bootstrap] Loading Paper 1.21.1-133-ver/1.21.1@3cb8529 (2025-03-28T16:14:36Z) for Minecraft 1.21.1
[11:21:54] [ServerMain/INFO]: [PluginInitializerManager] Initializing plugins...
[11:21:55] [ServerMain/INFO]: [PluginInitializerManager] Initialized 6 plugins
[11:21:55] [ServerMain/INFO]: [PluginInitializerManager] Bukkit plugins (6):
 - ConditionalEvents (4.67.1), CustomCommands (4.3.0), Fahare (1.2.1), GCore (8.50.0), Multiverse-Core (5.4.0), PlaceholderAPI (2.11.7)
[11:22:04] [ServerMain/INFO]: Environment: Environment[sessionHost=https://sessionserver.mojang.com, servicesHost=https://api.minecraftservices.com, name=PROD]
[11:22:07] [ServerMain/INFO]: Loaded 1290 recipes
[11:22:08] [ServerMain/INFO]: Loaded 1399 advancements
[11:22:08] [Server thread/INFO]: Starting minecraft server version 1.21.1
[11:22:08] [Server thread/INFO]: Loading properties
[11:22:08] [Server thread/INFO]: This server is running Paper version 1.21.1-133-ver/1.21.1@3cb8529 (2025-03-28T16:14:36Z) (Implementing API version 1.21.1-R0.1-SNAPSHOT)
[11:22:10] [Server thread/INFO]: [spark] This server bundles the spark profiler. For more information please visit https://docs.papermc.io/paper/profiling
[11:22:10] [Server thread/INFO]: Using 4 threads for Netty based IO
[11:22:10] [Server thread/INFO]: Server Ping Player Sample Count: 12
[11:22:11] [Server thread/INFO]: [ChunkTaskScheduler] Chunk system is using 1 I/O threads, 4 worker threads, and population gen parallelism of 4 threads
[11:22:11] [Server thread/INFO]: Default game type: SURVIVAL
[11:22:11] [Server thread/INFO]: Generating keypair
[11:22:11] [Server thread/INFO]: Starting Minecraft server on *:25565
[11:22:12] [Server thread/INFO]: Using default channel type
[11:22:12] [Server thread/INFO]: Paper: Using Java compression from Velocity.
[11:22:12] [Server thread/INFO]: Paper: Using Java cipher from Velocity.
[11:22:13] [Server thread/INFO]: [PlaceholderAPI] Loading server plugin PlaceholderAPI v2.11.7
[11:22:13] [Server thread/INFO]: [GCore] Loading server plugin GCore v8.50.0
[11:22:13] [Server thread/INFO]: [CoreLogging] Loading server plugin Multiverse-Core v5.4.0
[11:22:13] [Server thread/INFO]: [Fahare] Loading server plugin Fahare v1.2.1
[11:22:13] [Server thread/INFO]: [CustomCommands] Loading server plugin CustomCommands v4.3.0
[11:22:13] [Server thread/INFO]: [ConditionalEvents] Loading server plugin ConditionalEvents v4.67.1
[11:22:13] [Server thread/INFO]: Server permissions file permissions.yml is empty, ignoring it
[11:22:13] [Server thread/INFO]: Preparing level "world"
[11:22:14] [Server thread/INFO]: Preparing start region for dimension minecraft:overworld
[11:22:16] [Server thread/INFO]: Time elapsed: 1798 ms
[11:22:16] [Server thread/INFO]: Preparing start region for dimension minecraft:the_nether
[11:22:16] [Server thread/INFO]: Time elapsed: 327 ms
[11:22:16] [Server thread/INFO]: Preparing start region for dimension minecraft:the_end
[11:22:16] [Server thread/INFO]: Time elapsed: 78 ms
[11:22:16] [Server thread/INFO]: [PlaceholderAPI] Enabling PlaceholderAPI v2.11.7
[11:22:17] [Server thread/INFO]: [PlaceholderAPI] Fetching available expansion information...
[11:22:17] [Server thread/INFO]: [GCore] Enabling GCore v8.50.0
[11:22:17] [Server thread/INFO]: [GCore-migration] Already processed v7 -> v8 (config)
[11:22:17] [Server thread/INFO]: [GCore-migration] Already processed v7 -> v8 (data)
[11:22:17] [Server thread/INFO]: [GCore-migration] Already processed v8.4 -> v8.5
[11:22:17] [Server thread/INFO]: [GCore-migration] Already processed v8.8 -> v8.9
[11:22:17] [Server thread/INFO]: [GCore-migration] Already processed v8.23 -> v8.24
[11:22:17] [Server thread/INFO]: [GCore-migration] Already processed v8.24 -> v8.25
[11:22:17] [Server thread/INFO]: [GCore-migration] Already processed v8.29 -> v8.30
[11:22:17] [Server thread/INFO]: [GCore-8.50.0] Found server version MC_1_21_R1
[11:22:17] [Server thread/INFO]: [GCore-8.50.0] Loading materials...
[11:22:18] [Server thread/INFO]: [GCore-8.50.0] Loading sounds...
[11:22:18] [Server thread/INFO]: [GCore-8.50.0] Loading particles...
[11:22:19] [Server thread/INFO]: [GCore-8.50.0] Enabled currency XP_LEVEL
[11:22:19] [Server thread/INFO]: [GCore-8.50.0] Enabled currency XP
[11:22:19] [Server thread/INFO]: [GCore-8.50.0] Loading texts...
[11:22:19] [Server thread/INFO]: [GCore-8.50.0] Text durationformatdays doesn't exist in default files (not even in en_US)
[11:22:19] [Server thread/INFO]: [GCore-8.50.0] Loaded 1 missing text from default lang for generic.yml : durationFormatDays
[11:22:19] [Server thread/INFO]: [PlaceholderAPI] Successfully registered internal expansion: gcore [1.0.0]
[11:22:19] [Server thread/INFO]: [GCore-8.50.0] Enabled integration for PlaceholderAPI
[11:22:19] [Server thread/INFO]: [GCore-8.50.0] Initializing worker and caches
[11:22:19] [Server thread/INFO]: [GCore-8.50.0] Registering integrations
[11:22:19] [Server thread/INFO]: [GCore-8.50.0] Initializing tasks and listeners
[11:22:19] [Server thread/INFO]: [GCore-8.50.0] Successfully enabled
[11:22:19] [Server thread/INFO]: [Multiverse-Core] Enabling Multiverse-Core v5.4.0
[11:22:20] [Server thread/INFO]: Preparing start region for dimension minecraft:world_overworld
[11:22:20] [Server thread/INFO]: Time elapsed: 221 ms
[11:22:20] [Server thread/ERROR]: [Multiverse-Core] Failed to autoload world Lobby_nether: Failure{reason=WORLD_FOLDER_INVALID}
[11:22:20] [Server thread/ERROR]: [Multiverse-Core] Failed to autoload world Lobby_the_end: Failure{reason=WORLD_FOLDER_INVALID}
[11:22:21] [Server thread/INFO]: Preparing start region for dimension minecraft:lobby
[11:22:21] [Server thread/INFO]: Time elapsed: 347 ms
[11:22:21] [Server thread/ERROR]: [Multiverse-Core] Failed to create bukkit world: overworld
[11:22:21] [Server thread/WARN]: java.lang.IllegalArgumentException: Cannot create a world with key minecraft:overworld and name overworld one (or both) already match a world that exists
[11:22:21] [Server thread/WARN]: 	at org.bukkit.craftbukkit.CraftServer.createWorld(CraftServer.java:1288)
[11:22:21] [Server thread/WARN]: 	at org.bukkit.Bukkit.createWorld(Bukkit.java:838)
[11:22:21] [Server thread/WARN]: 	at org.bukkit.WorldCreator.createWorld(WorldCreator.java:502)
[11:22:21] [Server thread/WARN]: 	at multiverse-core-5.4.0.jar//org.mvplugins.multiverse.core.world.WorldManager.lambda$createBukkitWorld$9f2048fa$1(WorldManager.java:885)
[11:22:21] [Server thread/WARN]: 	at multiverse-core-5.4.0.jar//org.mvplugins.multiverse.external.vavr.control.Try.of(Try.java:74)
[11:22:21] [Server thread/WARN]: 	at multiverse-core-5.4.0.jar//org.mvplugins.multiverse.core.world.WorldManager.createBukkitWorld(WorldManager.java:883)
[11:22:21] [Server thread/WARN]: 	at multiverse-core-5.4.0.jar//org.mvplugins.multiverse.core.utils.result.Attempt$Success.mapAttempt(Attempt.java:365)
[11:22:21] [Server thread/WARN]: 	at multiverse-core-5.4.0.jar//org.mvplugins.multiverse.core.world.WorldManager.doLoadWorld(WorldManager.java:477)
[11:22:21] [Server thread/WARN]: 	at multiverse-core-5.4.0.jar//org.mvplugins.multiverse.core.utils.result.Attempt$Success.mapAttempt(Attempt.java:365)
[11:22:21] [Server thread/WARN]: 	at multiverse-core-5.4.0.jar//org.mvplugins.multiverse.core.world.WorldManager.loadWorld(WorldManager.java:444)
[11:22:21] [Server thread/WARN]: 	at multiverse-core-5.4.0.jar//org.mvplugins.multiverse.core.world.WorldManager.lambda$autoLoadWorlds$18(WorldManager.java:230)
[11:22:21] [Server thread/WARN]: 	at java.base/java.util.stream.ForEachOps$ForEachOp$OfRef.accept(ForEachOps.java:184)
[11:22:21] [Server thread/WARN]: 	at java.base/java.util.stream.ReferencePipeline$2$1.accept(ReferencePipeline.java:179)
[11:22:21] [Server thread/WARN]: 	at java.base/java.util.AbstractList$RandomAccessSpliterator.forEachRemaining(AbstractList.java:722)
[11:22:21] [Server thread/WARN]: 	at java.base/java.util.stream.AbstractPipeline.copyInto(AbstractPipeline.java:509)
[11:22:21] [Server thread/WARN]: 	at java.base/java.util.stream.AbstractPipeline.wrapAndCopyInto(AbstractPipeline.java:499)
[11:22:21] [Server thread/WARN]: 	at java.base/java.util.stream.ForEachOps$ForEachOp.evaluateSequential(ForEachOps.java:151)
[11:22:21] [Server thread/WARN]: 	at java.base/java.util.stream.ForEachOps$ForEachOp$OfRef.evaluateSequential(ForEachOps.java:174)
[11:22:21] [Server thread/WARN]: 	at java.base/java.util.stream.AbstractPipeline.evaluate(AbstractPipeline.java:234)
[11:22:21] [Server thread/WARN]: 	at java.base/java.util.stream.ReferencePipeline.forEach(ReferencePipeline.java:596)
[11:22:21] [Server thread/WARN]: 	at multiverse-core-5.4.0.jar//org.mvplugins.multiverse.core.world.WorldManager.autoLoadWorlds(WorldManager.java:230)
[11:22:21] [Server thread/WARN]: 	at multiverse-core-5.4.0.jar//org.mvplugins.multiverse.core.world.WorldManager.lambda$initAllWorlds$0(WorldManager.java:153)
[11:22:21] [Server thread/WARN]: 	at multiverse-core-5.4.0.jar//org.mvplugins.multiverse.external.vavr.control.Try.andThenTry(Try.java:308)
[11:22:21] [Server thread/WARN]: 	at multiverse-core-5.4.0.jar//org.mvplugins.multiverse.core.world.WorldManager.initAllWorlds(WorldManager.java:151)
[11:22:21] [Server thread/WARN]: 	at multiverse-core-5.4.0.jar//org.mvplugins.multiverse.core.MultiverseCore.onEnable(MultiverseCore.java:101)
[11:22:21] [Server thread/WARN]: 	at org.bukkit.plugin.java.JavaPlugin.setEnabled(JavaPlugin.java:288)
[11:22:21] [Server thread/WARN]: 	at io.papermc.paper.plugin.manager.PaperPluginInstanceManager.enablePlugin(PaperPluginInstanceManager.java:202)
[11:22:21] [Server thread/WARN]: 	at io.papermc.paper.plugin.manager.PaperPluginManagerImpl.enablePlugin(PaperPluginManagerImpl.java:109)
[11:22:21] [Server thread/WARN]: 	at org.bukkit.plugin.SimplePluginManager.enablePlugin(SimplePluginManager.java:520)
[11:22:21] [Server thread/WARN]: 	at org.bukkit.craftbukkit.CraftServer.enablePlugin(CraftServer.java:641)
[11:22:21] [Server thread/WARN]: 	at org.bukkit.craftbukkit.CraftServer.enablePlugins(CraftServer.java:590)
[11:22:21] [Server thread/WARN]: 	at net.minecraft.server.MinecraftServer.loadWorld0(MinecraftServer.java:753)
[11:22:21] [Server thread/WARN]: 	at net.minecraft.server.MinecraftServer.loadLevel(MinecraftServer.java:515)
[11:22:21] [Server thread/WARN]: 	at net.minecraft.server.dedicated.DedicatedServer.initServer(DedicatedServer.java:329)
[11:22:21] [Server thread/WARN]: 	at net.minecraft.server.MinecraftServer.runServer(MinecraftServer.java:1214)
[11:22:21] [Server thread/WARN]: 	at net.minecraft.server.MinecraftServer.lambda$spin$0(MinecraftServer.java:329)
[11:22:21] [Server thread/WARN]: 	at java.base/java.lang.Thread.run(Thread.java:1583)
[11:22:21] [Server thread/ERROR]: [Multiverse-Core] Failed to autoload world overworld: Failure{reason=WORLD_CREATOR_FAILED, causeBy=Failure{reason=BUKKIT_CREATION_FAILED}}
[11:22:21] [Server thread/INFO]: Preparing start region for dimension minecraft:limbo
[11:22:21] [Server thread/INFO]: Time elapsed: 58 ms
[11:22:22] [Server thread/INFO]: [PlaceholderAPI] Successfully registered internal expansion: multiverse-core [5.4.0]
[11:22:22] [Server thread/INFO]: [Multiverse-Core] API service loaded!
[11:22:22] [Server thread/INFO]: [Multiverse-Core] Version 5.4.0 (API v5.4) Enabled - By dumptruckman, Rigby, fernferret, lithium3141, main--, benwoo1110 and Zax71
[11:22:22] [Server thread/INFO]: [Multiverse-Core] Loving Multiverse-Core? Please consider supporting the project with a small donation: https://github.com/sponsors/Multiverse
[11:22:22] [Server thread/INFO]: [Fahare] Enabling Fahare v1.2.1
[11:22:22] [Server thread/ERROR]: Error occurred while enabling Fahare v1.2.1 (Is it up to date?)
java.lang.IllegalArgumentException: Cannot create a world with key fahare:limbo and name limbo one (or both) already match a world that exists
	at org.bukkit.craftbukkit.CraftServer.createWorld(CraftServer.java:1288) ~[paper-1.21.1.jar:1.21.1-133-3cb8529]
	at org.bukkit.Bukkit.createWorld(Bukkit.java:838) ~[paper-mojangapi-1.21.1-R0.1-SNAPSHOT.jar:?]
	at org.bukkit.WorldCreator.createWorld(WorldCreator.java:502) ~[paper-mojangapi-1.21.1-R0.1-SNAPSHOT.jar:?]
	at Fahare-1.2.1.jar/dev.qixils.fahare.Fahare.onEnable(Fahare.java:105) ~[Fahare-1.2.1.jar:?]
	at org.bukkit.plugin.java.JavaPlugin.setEnabled(JavaPlugin.java:288) ~[paper-mojangapi-1.21.1-R0.1-SNAPSHOT.jar:?]
	at io.papermc.paper.plugin.manager.PaperPluginInstanceManager.enablePlugin(PaperPluginInstanceManager.java:202) ~[paper-1.21.1.jar:1.21.1-133-3cb8529]
	at io.papermc.paper.plugin.manager.PaperPluginManagerImpl.enablePlugin(PaperPluginManagerImpl.java:109) ~[paper-1.21.1.jar:1.21.1-133-3cb8529]
	at org.bukkit.plugin.SimplePluginManager.enablePlugin(SimplePluginManager.java:520) ~[paper-mojangapi-1.21.1-R0.1-SNAPSHOT.jar:?]
	at org.bukkit.craftbukkit.CraftServer.enablePlugin(CraftServer.java:641) ~[paper-1.21.1.jar:1.21.1-133-3cb8529]
	at org.bukkit.craftbukkit.CraftServer.enablePlugins(CraftServer.java:590) ~[paper-1.21.1.jar:1.21.1-133-3cb8529]
	at net.minecraft.server.MinecraftServer.loadWorld0(MinecraftServer.java:753) ~[paper-1.21.1.jar:1.21.1-133-3cb8529]
	at net.minecraft.server.MinecraftServer.loadLevel(MinecraftServer.java:515) ~[paper-1.21.1.jar:1.21.1-133-3cb8529]
	at net.minecraft.server.dedicated.DedicatedServer.initServer(DedicatedServer.java:329) ~[paper-1.21.1.jar:1.21.1-133-3cb8529]
	at net.minecraft.server.MinecraftServer.runServer(MinecraftServer.java:1214) ~[paper-1.21.1.jar:1.21.1-133-3cb8529]
	at net.minecraft.server.MinecraftServer.lambda$spin$0(MinecraftServer.java:329) ~[paper-1.21.1.jar:1.21.1-133-3cb8529]
	at java.base/java.lang.Thread.run(Thread.java:1583) ~[?:?]
[11:22:22] [Server thread/INFO]: [Fahare] Disabling Fahare v1.2.1
[11:22:22] [Server thread/INFO]: [CustomCommands] Enabling CustomCommands v4.3.0
[11:22:22] [Server thread/INFO]: [CustomCommands-migration] Already processed v3 -> v4 (config)
[11:22:22] [Server thread/INFO]: [CustomCommands-migration] Already processed v3 -> v4 (data)
[11:22:22] [Server thread/INFO]: [PlaceholderAPI] Successfully registered internal expansion: gcore [1.0.0]
[11:22:22] [Server thread/INFO]: [CustomCommands-4.3.0] Enabled integration for PlaceholderAPI
[11:22:22] [Server thread/INFO]: [CustomCommands-4.3.0] Errors were found when loading CustomCommand best :
[11:22:22] [Server thread/INFO]: [CustomCommands-4.3.0] - missing String at path patterns.pattern.pattern
[11:22:22] [Server thread/INFO]: [CustomCommands-4.3.0] - missing ActionList at path patterns.pattern.actions
[11:22:22] [Server thread/INFO]: [CustomCommands-4.3.0] Errors were found when loading CustomCommand spawn :
[11:22:22] [Server thread/INFO]: [CustomCommands-4.3.0] - missing StringList at path aliases
[11:22:22] [Server thread/INFO]: [CustomCommands-4.3.0] - missing PatternList at path patterns
[11:22:22] [Server thread/INFO]: [CustomCommands-4.3.0] Errors were found when loading CustomCommand spawncost :
[11:22:22] [Server thread/INFO]: [CustomCommands-4.3.0] - key VAULT at path patterns.a.currency_cost isn't a valid currency
[11:22:22] [Server thread/INFO]: [CustomCommands-4.3.0] Successfully loaded 6 custom commands : best, complex, helpserver, spawn, spawnconditions, spawncost
[11:22:22] [Server thread/INFO]: [CustomCommands-4.3.0] Loading texts...
[11:22:23] [Server thread/INFO]: [CustomCommands-4.3.0] Successfully enabled
[11:22:23] [Server thread/INFO]: [ConditionalEvents] Enabling ConditionalEvents v4.67.1
[11:22:23] [Server thread/INFO]: [PlaceholderAPI] Successfully registered internal expansion: conditionalevents [4.67.1]
[11:22:23] [Server thread/INFO]: [ConditionalEvents] Has been enabled! Version: 4.67.1
[11:22:23] [Server thread/INFO]: [ConditionalEvents] Thanks for using my plugin!   ~Ajneb97
[11:22:23] [Server thread/INFO]: There is a new version available. (4.73.1)
[11:22:23] [Server thread/INFO]: You can download it at: https://modrinth.com/plugin/conditionalevents
[11:22:23] [Server thread/INFO]: Gamerule sendCommandFeedback is now set to: false
[11:22:23] [Server thread/INFO]: Gamerule showDeathMessages is now set to: false
[11:22:23] [Server thread/INFO]: Gamerule doImmediateRespawn is now set to: true
[11:22:23] [Server thread/INFO]: A team already exists by that name
[11:22:23] [Server thread/INFO]: Nothing changed. That team already has that color
[11:22:23] [Server thread/INFO]: [spark] Starting background profiler...
[11:22:23] [Server thread/INFO]: [spark] The async-profiler engine is not supported for your os/arch (windows11/amd64), so the built-in Java engine will be used instead.
[11:22:23] [Server thread/INFO]: [PlaceholderAPI] Placeholder expansion registration initializing...
[11:22:23] [Server thread/INFO]: Done preparing level "world" (10.604s)
[11:22:23] [Server thread/INFO]: Running delayed init tasks
[11:22:23] [Server thread/INFO]: Done (32.186s)! For help, type "help"
[11:22:23] [Server thread/INFO]: Timings Reset
[11:22:24] [Server thread/INFO]: [PlaceholderAPI] Successfully registered external expansion: math [2.0.2]
[11:22:24] [Server thread/INFO]: [PlaceholderAPI] Successfully registered external expansion: player [2.0.9]
[11:22:24] [Server thread/INFO]: [PlaceholderAPI] Successfully registered external expansion: server [2.7.3]
[11:22:24] [Server thread/INFO]: [PlaceholderAPI] Successfully registered external expansion: world [1.2.3]
[11:22:24] [Server thread/INFO]: [PAPI] [Javascript-Expansion] 3 scripts loaded!
[11:22:24] [Server thread/INFO]: [PlaceholderAPI] Successfully registered external expansion: javascript [2.1.3]
[11:22:24] [Server thread/INFO]: 5 placeholder hook(s) registered!
[11:22:58] [User Authenticator #0/INFO]: UUID of player erel__ is 3647a364-58a1-4189-9b15-ce15b5d674dd
[11:23:01] [Server thread/INFO]: "set"
[11:23:01] [Server thread/INFO]: ""
[11:23:01] [Server thread/INFO]: erel__ joined the game
[11:23:01] [Server thread/INFO]: erel__[/99.244.177.0:50540] logged in with entity id 94 at ([world_overworld]-2.696029666845814, 65.0, -0.3257441147883982)
[11:23:02] [Server thread/WARN]: Can't keep up! Is the server overloaded? Running 2731ms or 54 ticks behind
[11:23:03] [Server thread/INFO]: erel__ issued server command: /best
[11:23:25] [Server thread/INFO]: erel__ issued server command: //best
[11:23:27] [Server thread/INFO]: erel__ issued server command: //best
[11:23:39] [Server thread/INFO]: [PlaceholderAPI] Placeholder expansion registration initializing...
[11:23:39] [Server thread/INFO]: [PlaceholderAPI] Fetching available expansion information...
[11:23:39] [Server thread/INFO]: [PlaceholderAPI] Successfully registered external expansion: math [2.0.2]
[11:23:39] [Server thread/INFO]: [PlaceholderAPI] Successfully registered external expansion: player [2.0.9]
[11:23:39] [Server thread/INFO]: [PlaceholderAPI] Successfully registered external expansion: server [2.7.3]
[11:23:39] [Server thread/INFO]: [PlaceholderAPI] Successfully registered external expansion: world [1.2.3]
[11:23:39] [Server thread/INFO]: [PAPI] [Javascript-Expansion] 3 scripts loaded!
[11:23:39] [Server thread/INFO]: [PlaceholderAPI] Successfully registered external expansion: javascript [2.1.3]
[11:23:39] [Server thread/INFO]: 5 placeholder hook(s) registered!
[11:23:40] [Server thread/INFO]: [ConditionalEvents] Config Reloaded.
[11:23:44] [Server thread/INFO]: erel__ issued server command: /best
[11:25:38] [Server thread/INFO]: [PlaceholderAPI] Placeholder expansion registration initializing...
[11:25:38] [Server thread/INFO]: [PlaceholderAPI] Fetching available expansion information...
[11:25:38] [Server thread/INFO]: [PlaceholderAPI] Successfully registered external expansion: math [2.0.2]
[11:25:38] [Server thread/INFO]: [PlaceholderAPI] Successfully registered external expansion: player [2.0.9]
[11:25:38] [Server thread/INFO]: [PlaceholderAPI] Successfully registered external expansion: server [2.7.3]
[11:25:38] [Server thread/INFO]: [PlaceholderAPI] Successfully registered external expansion: world [1.2.3]
[11:25:38] [Server thread/INFO]: [PAPI] [Javascript-Expansion] 3 scripts loaded!
[11:25:38] [Server thread/INFO]: [PlaceholderAPI] Successfully registered external expansion: javascript [2.1.3]
[11:25:38] [Server thread/INFO]: 5 placeholder hook(s) registered!
[11:25:39] [Server thread/INFO]: [ConditionalEvents] Config Reloaded.
[11:25:41] [Server thread/INFO]: erel__ issued server command: /best
[11:25:49] [Server thread/INFO]: [PlaceholderAPI] Placeholder expansion registration initializing...
[11:25:49] [Server thread/INFO]: [PlaceholderAPI] Fetching available expansion information...
[11:25:50] [Server thread/INFO]: [PlaceholderAPI] Successfully registered external expansion: math [2.0.2]
[11:25:50] [Server thread/INFO]: [PlaceholderAPI] Successfully registered external expansion: player [2.0.9]
[11:25:50] [Server thread/INFO]: [PlaceholderAPI] Successfully registered external expansion: server [2.7.3]
[11:25:50] [Server thread/INFO]: [PlaceholderAPI] Successfully registered external expansion: world [1.2.3]
[11:25:50] [Server thread/INFO]: [PAPI] [Javascript-Expansion] 3 scripts loaded!
[11:25:50] [Server thread/INFO]: [PlaceholderAPI] Successfully registered external expansion: javascript [2.1.3]
[11:25:50] [Server thread/INFO]: 5 placeholder hook(s) registered!
[11:25:50] [Server thread/INFO]: [ConditionalEvents] Config Reloaded.
[11:25:52] [Server thread/INFO]: erel__ issued server command: /best
[11:27:31] [Server thread/INFO]: [PlaceholderAPI] Placeholder expansion registration initializing...
[11:27:31] [Server thread/INFO]: [PlaceholderAPI] Fetching available expansion information...
[11:27:31] [Server thread/INFO]: [PlaceholderAPI] Successfully registered external expansion: math [2.0.2]
[11:27:31] [Server thread/INFO]: [PlaceholderAPI] Successfully registered external expansion: player [2.0.9]
[11:27:31] [Server thread/INFO]: [PlaceholderAPI] Successfully registered external expansion: server [2.7.3]
[11:27:31] [Server thread/INFO]: [PlaceholderAPI] Successfully registered external expansion: world [1.2.3]
[11:27:31] [Server thread/INFO]: [PAPI] [Javascript-Expansion] 3 scripts loaded!
[11:27:31] [Server thread/INFO]: [PlaceholderAPI] Successfully registered external expansion: javascript [2.1.3]
[11:27:31] [Server thread/INFO]: 5 placeholder hook(s) registered!
[11:27:32] [Server thread/INFO]: [ConditionalEvents] Config Reloaded.
[11:27:34] [Server thread/INFO]: erel__ issued server command: /best
[11:27:36] [Server thread/INFO]: erel__ issued server command: /best
[11:27:57] [Server thread/INFO]: [PlaceholderAPI] Placeholder expansion registration initializing...
[11:27:57] [Server thread/INFO]: [PlaceholderAPI] Fetching available expansion information...
[11:27:57] [Server thread/INFO]: [PlaceholderAPI] Successfully registered external expansion: math [2.0.2]
[11:27:57] [Server thread/INFO]: [PlaceholderAPI] Successfully registered external expansion: player [2.0.9]
[11:27:57] [Server thread/INFO]: [PlaceholderAPI] Successfully registered external expansion: server [2.7.3]
[11:27:57] [Server thread/INFO]: [PlaceholderAPI] Successfully registered external expansion: world [1.2.3]
[11:27:57] [Server thread/INFO]: [PAPI] [Javascript-Expansion] 3 scripts loaded!
[11:27:57] [Server thread/INFO]: [PlaceholderAPI] Successfully registered external expansion: javascript [2.1.3]
[11:27:57] [Server thread/INFO]: 5 placeholder hook(s) registered!
[11:27:58] [Server thread/INFO]: [ConditionalEvents] Config Reloaded.
[11:28:00] [Server thread/INFO]: erel__ issued server command: /best
[11:28:37] [Server thread/INFO]: [PlaceholderAPI] Placeholder expansion registration initializing...
[11:28:37] [Server thread/INFO]: [PlaceholderAPI] Fetching available expansion information...
[11:28:38] [Server thread/INFO]: [PlaceholderAPI] Successfully registered external expansion: math [2.0.2]
[11:28:38] [Server thread/INFO]: [PlaceholderAPI] Successfully registered external expansion: player [2.0.9]
[11:28:38] [Server thread/INFO]: [PlaceholderAPI] Successfully registered external expansion: server [2.7.3]
[11:28:38] [Server thread/INFO]: [PlaceholderAPI] Successfully registered external expansion: world [1.2.3]
[11:28:38] [Server thread/INFO]: [PAPI] [Javascript-Expansion] 3 scripts loaded!
[11:28:38] [Server thread/INFO]: [PlaceholderAPI] Successfully registered external expansion: javascript [2.1.3]
[11:28:38] [Server thread/INFO]: 5 placeholder hook(s) registered!
[11:28:38] [Server thread/INFO]: [ConditionalEvents] Config Reloaded.
[11:28:39] [Server thread/INFO]: erel__ issued server command: /best
[11:28:52] [Server thread/INFO]: erel__ issued server command: /best
[11:29:10] [Server thread/INFO]: [PlaceholderAPI] Placeholder expansion registration initializing...
[11:29:10] [Server thread/INFO]: [PlaceholderAPI] Fetching available expansion information...
[11:29:11] [Server thread/INFO]: [PlaceholderAPI] Successfully registered external expansion: math [2.0.2]
[11:29:11] [Server thread/INFO]: [PlaceholderAPI] Successfully registered external expansion: player [2.0.9]
[11:29:11] [Server thread/INFO]: [PlaceholderAPI] Successfully registered external expansion: server [2.7.3]
[11:29:11] [Server thread/INFO]: [PlaceholderAPI] Successfully registered external expansion: world [1.2.3]
[11:29:11] [Server thread/INFO]: [PAPI] [Javascript-Expansion] 3 scripts loaded!
[11:29:11] [Server thread/INFO]: [PlaceholderAPI] Successfully registered external expansion: javascript [2.1.3]
[11:29:11] [Server thread/INFO]: 5 placeholder hook(s) registered!
[11:29:11] [Server thread/INFO]: [ConditionalEvents] Config Reloaded.
[11:29:13] [Server thread/INFO]: erel__ issued server command: /best
[11:30:02] [Server thread/INFO]: [PlaceholderAPI] Placeholder expansion registration initializing...
[11:30:02] [Server thread/INFO]: [PlaceholderAPI] Fetching available expansion information...
[11:30:02] [Server thread/INFO]: [PlaceholderAPI] Successfully registered external expansion: math [2.0.2]
[11:30:02] [Server thread/INFO]: [PlaceholderAPI] Successfully registered external expansion: player [2.0.9]
[11:30:02] [Server thread/INFO]: [PlaceholderAPI] Successfully registered external expansion: server [2.7.3]
[11:30:02] [Server thread/INFO]: [PlaceholderAPI] Successfully registered external expansion: world [1.2.3]
[11:30:02] [Server thread/INFO]: [PAPI] [Javascript-Expansion] 3 scripts loaded!
[11:30:02] [Server thread/INFO]: [PlaceholderAPI] Successfully registered external expansion: javascript [2.1.3]
[11:30:02] [Server thread/INFO]: 5 placeholder hook(s) registered!
[11:30:03] [Server thread/INFO]: [ConditionalEvents] Config Reloaded.
[11:30:04] [Server thread/INFO]: erel__ issued server command: /best
[11:30:36] [Server thread/INFO]: erel__ issued server command: /papi parse erel__ %javascript_data_get_duration,zero_time,best_time% equals '0s'
[11:30:42] [Server thread/INFO]: erel__ issued server command: /papi parse erel__ %javascript_data_get_duration,zero_time,best_time% equals 0s
[11:30:55] [Server thread/INFO]: erel__ issued server command: /papi parse erel__ %javascript_data_get_duration,zero_time,best_time% == 0s
[11:31:12] [Server thread/INFO]: erel__ issued server command: /gamemode creative
[11:31:12] [Server thread/INFO]: [erel__: Set own game mode to Creative Mode]
[11:33:12] [Server thread/INFO]: [PlaceholderAPI] Placeholder expansion registration initializing...
[11:33:12] [Server thread/INFO]: [PlaceholderAPI] Fetching available expansion information...
[11:33:12] [Server thread/INFO]: [PlaceholderAPI] Successfully registered external expansion: math [2.0.2]
[11:33:12] [Server thread/INFO]: [PlaceholderAPI] Successfully registered external expansion: player [2.0.9]
[11:33:12] [Server thread/INFO]: [PlaceholderAPI] Successfully registered external expansion: server [2.7.3]
[11:33:12] [Server thread/INFO]: [PlaceholderAPI] Successfully registered external expansion: world [1.2.3]
[11:33:12] [Server thread/INFO]: [PAPI] [Javascript-Expansion] 3 scripts loaded!
[11:33:12] [Server thread/INFO]: [PlaceholderAPI] Successfully registered external expansion: javascript [2.1.3]
[11:33:12] [Server thread/INFO]: 5 placeholder hook(s) registered!
[11:33:13] [Server thread/INFO]: [ConditionalEvents] Config Reloaded.
[11:33:17] [Server thread/INFO]: erel__ issued server command: /best
[11:35:41] [Server thread/INFO]: [PlaceholderAPI] Placeholder expansion registration initializing...
[11:35:41] [Server thread/INFO]: [PlaceholderAPI] Fetching available expansion information...
[11:35:41] [Server thread/INFO]: [PlaceholderAPI] Successfully registered external expansion: math [2.0.2]
[11:35:41] [Server thread/INFO]: [PlaceholderAPI] Successfully registered external expansion: player [2.0.9]
[11:35:41] [Server thread/INFO]: [PlaceholderAPI] Successfully registered external expansion: server [2.7.3]
[11:35:41] [Server thread/INFO]: [PlaceholderAPI] Successfully registered external expansion: world [1.2.3]
[11:35:41] [Server thread/INFO]: [PAPI] [Javascript-Expansion] 3 scripts loaded!
[11:35:41] [Server thread/INFO]: [PlaceholderAPI] Successfully registered external expansion: javascript [2.1.3]
[11:35:41] [Server thread/INFO]: 5 placeholder hook(s) registered!
[11:35:42] [Server thread/ERROR]: Cannot load plugins\ConditionalEvents\config.yml
org.bukkit.configuration.InvalidConfigurationException: while scanning a quoted scalar
 in 'reader', line 317, column 101:
     ... _duration,zero_time,best_time%" "
                                         ^
found unexpected end of stream
 in 'reader', line 321, column 1:
    
    ^

	at org.bukkit.configuration.file.YamlConfiguration.loadFromString(YamlConfiguration.java:112) ~[paper-mojangapi-1.21.1-R0.1-SNAPSHOT.jar:?]
	at org.bukkit.configuration.file.FileConfiguration.load(FileConfiguration.java:160) ~[paper-mojangapi-1.21.1-R0.1-SNAPSHOT.jar:?]
	at org.bukkit.configuration.file.FileConfiguration.load(FileConfiguration.java:128) ~[paper-mojangapi-1.21.1-R0.1-SNAPSHOT.jar:?]
	at org.bukkit.configuration.file.YamlConfiguration.loadConfiguration(YamlConfiguration.java:310) ~[paper-mojangapi-1.21.1-R0.1-SNAPSHOT.jar:?]
	at ConditionalEvents-4.67.1.jar/ce.ajneb97.configs.model.CommonConfig.reloadConfig(CommonConfig.java:94) ~[ConditionalEvents-4.67.1.jar:?]
	at ConditionalEvents-4.67.1.jar/ce.ajneb97.configs.MainConfigManager.reloadConfig(MainConfigManager.java:61) ~[ConditionalEvents-4.67.1.jar:?]
	at ConditionalEvents-4.67.1.jar/ce.ajneb97.configs.ConfigsManager.reload(ConfigsManager.java:269) ~[ConditionalEvents-4.67.1.jar:?]
	at ConditionalEvents-4.67.1.jar/ce.ajneb97.MainCommand.onCommand(MainCommand.java:47) ~[ConditionalEvents-4.67.1.jar:?]
	at org.bukkit.command.PluginCommand.execute(PluginCommand.java:45) ~[paper-mojangapi-1.21.1-R0.1-SNAPSHOT.jar:?]
	at org.bukkit.command.SimpleCommandMap.dispatch(SimpleCommandMap.java:165) ~[paper-mojangapi-1.21.1-R0.1-SNAPSHOT.jar:?]
	at org.bukkit.craftbukkit.CraftServer.dispatchCommand(CraftServer.java:1001) ~[paper-1.21.1.jar:1.21.1-133-3cb8529]
	at org.bukkit.craftbukkit.CraftServer.dispatchServerCommand(CraftServer.java:986) ~[paper-1.21.1.jar:1.21.1-133-3cb8529]
	at net.minecraft.server.dedicated.DedicatedServer.handleConsoleInputs(DedicatedServer.java:526) ~[paper-1.21.1.jar:1.21.1-133-3cb8529]
	at net.minecraft.server.dedicated.DedicatedServer.tickChildren(DedicatedServer.java:474) ~[paper-1.21.1.jar:1.21.1-133-3cb8529]
	at net.minecraft.server.MinecraftServer.tickServer(MinecraftServer.java:1596) ~[paper-1.21.1.jar:1.21.1-133-3cb8529]
	at net.minecraft.server.MinecraftServer.runServer(MinecraftServer.java:1302) ~[paper-1.21.1.jar:1.21.1-133-3cb8529]
	at net.minecraft.server.MinecraftServer.lambda$spin$0(MinecraftServer.java:329) ~[paper-1.21.1.jar:1.21.1-133-3cb8529]
	at java.base/java.lang.Thread.run(Thread.java:1583) ~[?:?]
Caused by: org.yaml.snakeyaml.scanner.ScannerException: while scanning a quoted scalar
 in 'reader', line 317, column 101:
     ... _duration,zero_time,best_time%" "
                                         ^
found unexpected end of stream
 in 'reader', line 321, column 1:
    
    ^

	at org.yaml.snakeyaml.scanner.ScannerImpl.scanFlowScalarSpaces(ScannerImpl.java:1976) ~[snakeyaml-2.2.jar:?]
	at org.yaml.snakeyaml.scanner.ScannerImpl.scanFlowScalar(ScannerImpl.java:1884) ~[snakeyaml-2.2.jar:?]
	at org.yaml.snakeyaml.scanner.ScannerImpl.fetchFlowScalar(ScannerImpl.java:1057) ~[snakeyaml-2.2.jar:?]
	at org.yaml.snakeyaml.scanner.ScannerImpl.fetchDouble(ScannerImpl.java:1039) ~[snakeyaml-2.2.jar:?]
	at org.yaml.snakeyaml.scanner.ScannerImpl.fetchMoreTokens(ScannerImpl.java:427) ~[snakeyaml-2.2.jar:?]
	at org.yaml.snakeyaml.scanner.ScannerImpl.checkToken(ScannerImpl.java:238) ~[snakeyaml-2.2.jar:?]
	at org.yaml.snakeyaml.parser.ParserImpl$ParseBlockSequenceEntryValue.produce(ParserImpl.java:567) ~[snakeyaml-2.2.jar:?]
	at org.yaml.snakeyaml.parser.ParserImpl$ParseBlockSequenceEntryKey.produce(ParserImpl.java:543) ~[snakeyaml-2.2.jar:?]
	at org.yaml.snakeyaml.parser.ParserImpl.peekEvent(ParserImpl.java:161) ~[snakeyaml-2.2.jar:?]
	at org.yaml.snakeyaml.comments.CommentEventsCollector$1.peek(CommentEventsCollector.java:57) ~[snakeyaml-2.2.jar:?]
	at org.yaml.snakeyaml.comments.CommentEventsCollector$1.peek(CommentEventsCollector.java:43) ~[snakeyaml-2.2.jar:?]
	at org.yaml.snakeyaml.comments.CommentEventsCollector.collectEvents(CommentEventsCollector.java:136) ~[snakeyaml-2.2.jar:?]
	at org.yaml.snakeyaml.comments.CommentEventsCollector.collectEvents(CommentEventsCollector.java:116) ~[snakeyaml-2.2.jar:?]
	at org.yaml.snakeyaml.composer.Composer.composeScalarNode(Composer.java:241) ~[snakeyaml-2.2.jar:?]
	at org.yaml.snakeyaml.composer.Composer.composeNode(Composer.java:205) ~[snakeyaml-2.2.jar:?]
	at org.yaml.snakeyaml.composer.Composer.composeSequenceNode(Composer.java:277) ~[snakeyaml-2.2.jar:?]
	at org.yaml.snakeyaml.composer.Composer.composeNode(Composer.java:207) ~[snakeyaml-2.2.jar:?]
	at org.yaml.snakeyaml.composer.Composer.composeValueNode(Composer.java:369) ~[snakeyaml-2.2.jar:?]
	at org.yaml.snakeyaml.composer.Composer.composeMappingChildren(Composer.java:348) ~[snakeyaml-2.2.jar:?]
	at org.yaml.snakeyaml.composer.Composer.composeMappingNode(Composer.java:323) ~[snakeyaml-2.2.jar:?]
	at org.yaml.snakeyaml.composer.Composer.composeNode(Composer.java:209) ~[snakeyaml-2.2.jar:?]
	at org.yaml.snakeyaml.composer.Composer.composeValueNode(Composer.java:369) ~[snakeyaml-2.2.jar:?]
	at org.yaml.snakeyaml.composer.Composer.composeMappingChildren(Composer.java:348) ~[snakeyaml-2.2.jar:?]
	at org.yaml.snakeyaml.composer.Composer.composeMappingNode(Composer.java:323) ~[snakeyaml-2.2.jar:?]
	at org.yaml.snakeyaml.composer.Composer.composeNode(Composer.java:209) ~[snakeyaml-2.2.jar:?]
	at org.yaml.snakeyaml.composer.Composer.composeValueNode(Composer.java:369) ~[snakeyaml-2.2.jar:?]
	at org.yaml.snakeyaml.composer.Composer.composeMappingChildren(Composer.java:348) ~[snakeyaml-2.2.jar:?]
	at org.yaml.snakeyaml.composer.Composer.composeMappingNode(Composer.java:323) ~[snakeyaml-2.2.jar:?]
	at org.yaml.snakeyaml.composer.Composer.composeNode(Composer.java:209) ~[snakeyaml-2.2.jar:?]
	at org.yaml.snakeyaml.composer.Composer.composeValueNode(Composer.java:369) ~[snakeyaml-2.2.jar:?]
	at org.yaml.snakeyaml.composer.Composer.composeMappingChildren(Composer.java:348) ~[snakeyaml-2.2.jar:?]
	at org.yaml.snakeyaml.composer.Composer.composeMappingNode(Composer.java:323) ~[snakeyaml-2.2.jar:?]
	at org.yaml.snakeyaml.composer.Composer.composeNode(Composer.java:209) ~[snakeyaml-2.2.jar:?]
	at org.yaml.snakeyaml.composer.Composer.getNode(Composer.java:131) ~[snakeyaml-2.2.jar:?]
	at org.yaml.snakeyaml.composer.Composer.getSingleNode(Composer.java:157) ~[snakeyaml-2.2.jar:?]
	at org.yaml.snakeyaml.Yaml.compose(Yaml.java:575) ~[snakeyaml-2.2.jar:?]
	at org.bukkit.configuration.file.YamlConfiguration.loadFromString(YamlConfiguration.java:105) ~[paper-mojangapi-1.21.1-R0.1-SNAPSHOT.jar:?]
	... 17 more
[11:35:42] [Server thread/ERROR]: Cannot load plugins\ConditionalEvents\config.yml
org.bukkit.configuration.InvalidConfigurationException: while scanning a quoted scalar
 in 'reader', line 317, column 101:
     ... _duration,zero_time,best_time%" "
                                         ^
found unexpected end of stream
 in 'reader', line 321, column 1:
    
    ^

	at org.bukkit.configuration.file.YamlConfiguration.loadFromString(YamlConfiguration.java:112) ~[paper-mojangapi-1.21.1-R0.1-SNAPSHOT.jar:?]
	at org.bukkit.configuration.file.FileConfiguration.load(FileConfiguration.java:160) ~[paper-mojangapi-1.21.1-R0.1-SNAPSHOT.jar:?]
	at org.bukkit.configuration.file.FileConfiguration.load(FileConfiguration.java:128) ~[paper-mojangapi-1.21.1-R0.1-SNAPSHOT.jar:?]
	at org.bukkit.configuration.file.YamlConfiguration.loadConfiguration(YamlConfiguration.java:310) ~[paper-mojangapi-1.21.1-R0.1-SNAPSHOT.jar:?]
	at ConditionalEvents-4.67.1.jar/ce.ajneb97.configs.model.CommonConfig.reloadConfig(CommonConfig.java:97) ~[ConditionalEvents-4.67.1.jar:?]
	at ConditionalEvents-4.67.1.jar/ce.ajneb97.configs.MainConfigManager.reloadConfig(MainConfigManager.java:61) ~[ConditionalEvents-4.67.1.jar:?]
	at ConditionalEvents-4.67.1.jar/ce.ajneb97.configs.ConfigsManager.reload(ConfigsManager.java:269) ~[ConditionalEvents-4.67.1.jar:?]
	at ConditionalEvents-4.67.1.jar/ce.ajneb97.MainCommand.onCommand(MainCommand.java:47) ~[ConditionalEvents-4.67.1.jar:?]
	at org.bukkit.command.PluginCommand.execute(PluginCommand.java:45) ~[paper-mojangapi-1.21.1-R0.1-SNAPSHOT.jar:?]
	at org.bukkit.command.SimpleCommandMap.dispatch(SimpleCommandMap.java:165) ~[paper-mojangapi-1.21.1-R0.1-SNAPSHOT.jar:?]
	at org.bukkit.craftbukkit.CraftServer.dispatchCommand(CraftServer.java:1001) ~[paper-1.21.1.jar:1.21.1-133-3cb8529]
	at org.bukkit.craftbukkit.CraftServer.dispatchServerCommand(CraftServer.java:986) ~[paper-1.21.1.jar:1.21.1-133-3cb8529]
	at net.minecraft.server.dedicated.DedicatedServer.handleConsoleInputs(DedicatedServer.java:526) ~[paper-1.21.1.jar:1.21.1-133-3cb8529]
	at net.minecraft.server.dedicated.DedicatedServer.tickChildren(DedicatedServer.java:474) ~[paper-1.21.1.jar:1.21.1-133-3cb8529]
	at net.minecraft.server.MinecraftServer.tickServer(MinecraftServer.java:1596) ~[paper-1.21.1.jar:1.21.1-133-3cb8529]
	at net.minecraft.server.MinecraftServer.runServer(MinecraftServer.java:1302) ~[paper-1.21.1.jar:1.21.1-133-3cb8529]
	at net.minecraft.server.MinecraftServer.lambda$spin$0(MinecraftServer.java:329) ~[paper-1.21.1.jar:1.21.1-133-3cb8529]
	at java.base/java.lang.Thread.run(Thread.java:1583) ~[?:?]
Caused by: org.yaml.snakeyaml.scanner.ScannerException: while scanning a quoted scalar
 in 'reader', line 317, column 101:
     ... _duration,zero_time,best_time%" "
                                         ^
found unexpected end of stream
 in 'reader', line 321, column 1:
    
    ^

	at org.yaml.snakeyaml.scanner.ScannerImpl.scanFlowScalarSpaces(ScannerImpl.java:1976) ~[snakeyaml-2.2.jar:?]
	at org.yaml.snakeyaml.scanner.ScannerImpl.scanFlowScalar(ScannerImpl.java:1884) ~[snakeyaml-2.2.jar:?]
	at org.yaml.snakeyaml.scanner.ScannerImpl.fetchFlowScalar(ScannerImpl.java:1057) ~[snakeyaml-2.2.jar:?]
	at org.yaml.snakeyaml.scanner.ScannerImpl.fetchDouble(ScannerImpl.java:1039) ~[snakeyaml-2.2.jar:?]
	at org.yaml.snakeyaml.scanner.ScannerImpl.fetchMoreTokens(ScannerImpl.java:427) ~[snakeyaml-2.2.jar:?]
	at org.yaml.snakeyaml.scanner.ScannerImpl.checkToken(ScannerImpl.java:238) ~[snakeyaml-2.2.jar:?]
	at org.yaml.snakeyaml.parser.ParserImpl$ParseBlockSequenceEntryValue.produce(ParserImpl.java:567) ~[snakeyaml-2.2.jar:?]
	at org.yaml.snakeyaml.parser.ParserImpl$ParseBlockSequenceEntryKey.produce(ParserImpl.java:543) ~[snakeyaml-2.2.jar:?]
	at org.yaml.snakeyaml.parser.ParserImpl.peekEvent(ParserImpl.java:161) ~[snakeyaml-2.2.jar:?]
	at org.yaml.snakeyaml.comments.CommentEventsCollector$1.peek(CommentEventsCollector.java:57) ~[snakeyaml-2.2.jar:?]
	at org.yaml.snakeyaml.comments.CommentEventsCollector$1.peek(CommentEventsCollector.java:43) ~[snakeyaml-2.2.jar:?]
	at org.yaml.snakeyaml.comments.CommentEventsCollector.collectEvents(CommentEventsCollector.java:136) ~[snakeyaml-2.2.jar:?]
	at org.yaml.snakeyaml.comments.CommentEventsCollector.collectEvents(CommentEventsCollector.java:116) ~[snakeyaml-2.2.jar:?]
	at org.yaml.snakeyaml.composer.Composer.composeScalarNode(Composer.java:241) ~[snakeyaml-2.2.jar:?]
	at org.yaml.snakeyaml.composer.Composer.composeNode(Composer.java:205) ~[snakeyaml-2.2.jar:?]
	at org.yaml.snakeyaml.composer.Composer.composeSequenceNode(Composer.java:277) ~[snakeyaml-2.2.jar:?]
	at org.yaml.snakeyaml.composer.Composer.composeNode(Composer.java:207) ~[snakeyaml-2.2.jar:?]
	at org.yaml.snakeyaml.composer.Composer.composeValueNode(Composer.java:369) ~[snakeyaml-2.2.jar:?]
	at org.yaml.snakeyaml.composer.Composer.composeMappingChildren(Composer.java:348) ~[snakeyaml-2.2.jar:?]
	at org.yaml.snakeyaml.composer.Composer.composeMappingNode(Composer.java:323) ~[snakeyaml-2.2.jar:?]
	at org.yaml.snakeyaml.composer.Composer.composeNode(Composer.java:209) ~[snakeyaml-2.2.jar:?]
	at org.yaml.snakeyaml.composer.Composer.composeValueNode(Composer.java:369) ~[snakeyaml-2.2.jar:?]
	at org.yaml.snakeyaml.composer.Composer.composeMappingChildren(Composer.java:348) ~[snakeyaml-2.2.jar:?]
	at org.yaml.snakeyaml.composer.Composer.composeMappingNode(Composer.java:323) ~[snakeyaml-2.2.jar:?]
	at org.yaml.snakeyaml.composer.Composer.composeNode(Composer.java:209) ~[snakeyaml-2.2.jar:?]
	at org.yaml.snakeyaml.composer.Composer.composeValueNode(Composer.java:369) ~[snakeyaml-2.2.jar:?]
	at org.yaml.snakeyaml.composer.Composer.composeMappingChildren(Composer.java:348) ~[snakeyaml-2.2.jar:?]
	at org.yaml.snakeyaml.composer.Composer.composeMappingNode(Composer.java:323) ~[snakeyaml-2.2.jar:?]
	at org.yaml.snakeyaml.composer.Composer.composeNode(Composer.java:209) ~[snakeyaml-2.2.jar:?]
	at org.yaml.snakeyaml.composer.Composer.composeValueNode(Composer.java:369) ~[snakeyaml-2.2.jar:?]
	at org.yaml.snakeyaml.composer.Composer.composeMappingChildren(Composer.java:348) ~[snakeyaml-2.2.jar:?]
	at org.yaml.snakeyaml.composer.Composer.composeMappingNode(Composer.java:323) ~[snakeyaml-2.2.jar:?]
	at org.yaml.snakeyaml.composer.Composer.composeNode(Composer.java:209) ~[snakeyaml-2.2.jar:?]
	at org.yaml.snakeyaml.composer.Composer.getNode(Composer.java:131) ~[snakeyaml-2.2.jar:?]
	at org.yaml.snakeyaml.composer.Composer.getSingleNode(Composer.java:157) ~[snakeyaml-2.2.jar:?]
	at org.yaml.snakeyaml.Yaml.compose(Yaml.java:575) ~[snakeyaml-2.2.jar:?]
	at org.bukkit.configuration.file.YamlConfiguration.loadFromString(YamlConfiguration.java:105) ~[paper-mojangapi-1.21.1-R0.1-SNAPSHOT.jar:?]
	... 17 more
[11:35:42] [Server thread/INFO]: [ConditionalEvents] Config Reloaded.
[11:35:52] [Server thread/INFO]: [PlaceholderAPI] Placeholder expansion registration initializing...
[11:35:52] [Server thread/INFO]: [PlaceholderAPI] Fetching available expansion information...
[11:35:52] [Server thread/INFO]: [PlaceholderAPI] Successfully registered external expansion: math [2.0.2]
[11:35:52] [Server thread/INFO]: [PlaceholderAPI] Successfully registered external expansion: player [2.0.9]
[11:35:52] [Server thread/INFO]: [PlaceholderAPI] Successfully registered external expansion: server [2.7.3]
[11:35:52] [Server thread/INFO]: [PlaceholderAPI] Successfully registered external expansion: world [1.2.3]
[11:35:52] [Server thread/INFO]: [PAPI] [Javascript-Expansion] 3 scripts loaded!
[11:35:52] [Server thread/INFO]: [PlaceholderAPI] Successfully registered external expansion: javascript [2.1.3]
[11:35:52] [Server thread/INFO]: 5 placeholder hook(s) registered!
[11:35:53] [Server thread/WARN]: Unexpected exception while parsing console command "ce reload"
org.bukkit.command.CommandException: Unhandled exception executing command 'ce' in plugin ConditionalEvents v4.67.1
	at org.bukkit.command.PluginCommand.execute(PluginCommand.java:47) ~[paper-mojangapi-1.21.1-R0.1-SNAPSHOT.jar:?]
	at org.bukkit.command.SimpleCommandMap.dispatch(SimpleCommandMap.java:165) ~[paper-mojangapi-1.21.1-R0.1-SNAPSHOT.jar:?]
	at org.bukkit.craftbukkit.CraftServer.dispatchCommand(CraftServer.java:1001) ~[paper-1.21.1.jar:1.21.1-133-3cb8529]
	at org.bukkit.craftbukkit.CraftServer.dispatchServerCommand(CraftServer.java:986) ~[paper-1.21.1.jar:1.21.1-133-3cb8529]
	at net.minecraft.server.dedicated.DedicatedServer.handleConsoleInputs(DedicatedServer.java:526) ~[paper-1.21.1.jar:1.21.1-133-3cb8529]
	at net.minecraft.server.dedicated.DedicatedServer.tickChildren(DedicatedServer.java:474) ~[paper-1.21.1.jar:1.21.1-133-3cb8529]
	at net.minecraft.server.MinecraftServer.tickServer(MinecraftServer.java:1596) ~[paper-1.21.1.jar:1.21.1-133-3cb8529]
	at net.minecraft.server.MinecraftServer.runServer(MinecraftServer.java:1302) ~[paper-1.21.1.jar:1.21.1-133-3cb8529]
	at net.minecraft.server.MinecraftServer.lambda$spin$0(MinecraftServer.java:329) ~[paper-1.21.1.jar:1.21.1-133-3cb8529]
	at java.base/java.lang.Thread.run(Thread.java:1583) ~[?:?]
Caused by: java.lang.NullPointerException: Cannot invoke "String.isEmpty()" because "message" is null
	at ConditionalEvents-4.67.1.jar/ce.ajneb97.managers.MessagesManager.sendMessage(MessagesManager.java:79) ~[ConditionalEvents-4.67.1.jar:?]
	at ConditionalEvents-4.67.1.jar/ce.ajneb97.MainCommand.onCommand(MainCommand.java:51) ~[ConditionalEvents-4.67.1.jar:?]
	at org.bukkit.command.PluginCommand.execute(PluginCommand.java:45) ~[paper-mojangapi-1.21.1-R0.1-SNAPSHOT.jar:?]
	... 9 more
[11:37:03] [Server thread/INFO]: [PlaceholderAPI] Placeholder expansion registration initializing...
[11:37:03] [Server thread/INFO]: [PlaceholderAPI] Fetching available expansion information...
[11:37:03] [Server thread/INFO]: [PlaceholderAPI] Successfully registered external expansion: math [2.0.2]
[11:37:03] [Server thread/INFO]: [PlaceholderAPI] Successfully registered external expansion: player [2.0.9]
[11:37:03] [Server thread/INFO]: [PlaceholderAPI] Successfully registered external expansion: server [2.7.3]
[11:37:03] [Server thread/INFO]: [PlaceholderAPI] Successfully registered external expansion: world [1.2.3]
[11:37:03] [Server thread/INFO]: [PAPI] [Javascript-Expansion] 3 scripts loaded!
[11:37:03] [Server thread/INFO]: [PlaceholderAPI] Successfully registered external expansion: javascript [2.1.3]
[11:37:03] [Server thread/INFO]: 5 placeholder hook(s) registered!
[11:37:04] [Server thread/INFO]: [ConditionalEvents] Config Reloaded.
[11:37:08] [Server thread/INFO]: erel__ issued server command: /best
[11:37:25] [Server thread/INFO]: [PlaceholderAPI] Placeholder expansion registration initializing...
[11:37:25] [Server thread/INFO]: [PlaceholderAPI] Fetching available expansion information...
[11:37:25] [Server thread/INFO]: [PlaceholderAPI] Successfully registered external expansion: math [2.0.2]
[11:37:25] [Server thread/INFO]: [PlaceholderAPI] Successfully registered external expansion: player [2.0.9]
[11:37:25] [Server thread/INFO]: [PlaceholderAPI] Successfully registered external expansion: server [2.7.3]
[11:37:25] [Server thread/INFO]: [PlaceholderAPI] Successfully registered external expansion: world [1.2.3]
[11:37:25] [Server thread/INFO]: [PAPI] [Javascript-Expansion] 3 scripts loaded!
[11:37:25] [Server thread/INFO]: [PlaceholderAPI] Successfully registered external expansion: javascript [2.1.3]
[11:37:25] [Server thread/INFO]: 5 placeholder hook(s) registered!
[11:37:26] [Server thread/INFO]: [ConditionalEvents] Config Reloaded.
[11:37:28] [Server thread/INFO]: erel__ issued server command: /best
[11:41:04] [Server thread/INFO]: Stopping server
[11:41:04] [Server thread/INFO]: [ConditionalEvents] Disabling ConditionalEvents v4.67.1
[11:41:04] [Server thread/INFO]: [ConditionalEvents] Has been disabled! Version: 4.67.1
[11:41:04] [Server thread/INFO]: [CustomCommands] Disabling CustomCommands v4.3.0
[11:41:04] [Server thread/INFO]: [CustomCommands-4.3.0] Disabled integration for PlaceholderAPI
[11:41:04] [Server thread/INFO]: [Multiverse-Core] Disabling Multiverse-Core v5.4.0
[11:41:04] [Server thread/INFO]: [GCore] Disabling GCore v8.50.0
[11:41:04] [Server thread/INFO]: [GCore-8.50.0] Disabled integration for PlaceholderAPI
[11:41:04] [Server thread/INFO]: [PlaceholderAPI] Disabling PlaceholderAPI v2.11.7
[11:41:04] [Server thread/INFO]: Saving players
[11:41:04] [Server thread/INFO]: erel__ lost connection: Server closed
[11:41:04] [Server thread/INFO]: erel__ left the game
[11:41:04] [Server thread/INFO]: Saving worlds
[11:41:04] [Server thread/INFO]: Saving chunks for level 'ServerLevel[world]'/minecraft:overworld
[11:41:04] [Server thread/INFO]: [ChunkHolderManager] Waiting 60s for chunk system to halt for world 'world'
[11:41:04] [Server thread/INFO]: [ChunkHolderManager] Halted chunk system for world 'world'
[11:41:04] [Server thread/INFO]: [ChunkHolderManager] Saving all chunkholders for world 'world'
[11:41:04] [Server thread/INFO]: [ChunkHolderManager] Saved 0 block chunks, 0 entity chunks, 0 poi chunks in world 'world' in 0.00s
[11:41:04] [Server thread/INFO]: Saving chunks for level 'ServerLevel[world_nether]'/minecraft:the_nether
[11:41:04] [Server thread/INFO]: [ChunkHolderManager] Waiting 60s for chunk system to halt for world 'world_nether'
[11:41:04] [Server thread/INFO]: [ChunkHolderManager] Halted chunk system for world 'world_nether'
[11:41:04] [Server thread/INFO]: [ChunkHolderManager] Saving all chunkholders for world 'world_nether'
[11:41:04] [Server thread/INFO]: [ChunkHolderManager] Saved 0 block chunks, 1 entity chunks, 0 poi chunks in world 'world_nether' in 0.00s
[11:41:04] [Server thread/INFO]: Saving chunks for level 'ServerLevel[world_the_end]'/minecraft:the_end
[11:41:04] [Server thread/INFO]: [ChunkHolderManager] Waiting 60s for chunk system to halt for world 'world_the_end'
[11:41:04] [Server thread/INFO]: [ChunkHolderManager] Halted chunk system for world 'world_the_end'
[11:41:04] [Server thread/INFO]: [ChunkHolderManager] Saving all chunkholders for world 'world_the_end'
[11:41:04] [Server thread/INFO]: [ChunkHolderManager] Saved 0 block chunks, 10 entity chunks, 0 poi chunks in world 'world_the_end' in 0.01s
[11:41:04] [Server thread/INFO]: Saving chunks for level 'ServerLevel[world_overworld]'/minecraft:world_overworld
[11:41:04] [Server thread/INFO]: [ChunkHolderManager] Waiting 60s for chunk system to halt for world 'world_overworld'
[11:41:04] [Server thread/INFO]: [ChunkHolderManager] Halted chunk system for world 'world_overworld'
[11:41:04] [Server thread/INFO]: [ChunkHolderManager] Saving all chunkholders for world 'world_overworld'
[11:41:05] [Server thread/INFO]: [ChunkHolderManager] Saved 800 block chunks, 179 entity chunks, 0 poi chunks in world 'world_overworld' in 0.60s
[11:41:05] [Server thread/INFO]: Saving chunks for level 'ServerLevel[Lobby]'/minecraft:lobby
[11:41:05] [Server thread/INFO]: [ChunkHolderManager] Waiting 60s for chunk system to halt for world 'Lobby'
[11:41:05] [Server thread/INFO]: [ChunkHolderManager] Halted chunk system for world 'Lobby'
[11:41:05] [Server thread/INFO]: [ChunkHolderManager] Saving all chunkholders for world 'Lobby'
[11:41:05] [Server thread/INFO]: [ChunkHolderManager] Saved 0 block chunks, 0 entity chunks, 0 poi chunks in world 'Lobby' in 0.00s
[11:41:05] [Server thread/INFO]: Saving chunks for level 'ServerLevel[limbo]'/minecraft:limbo
[11:41:05] [Server thread/INFO]: [ChunkHolderManager] Waiting 60s for chunk system to halt for world 'limbo'
[11:41:05] [Server thread/INFO]: [ChunkHolderManager] Halted chunk system for world 'limbo'
[11:41:05] [Server thread/INFO]: [ChunkHolderManager] Saving all chunkholders for world 'limbo'
[11:41:05] [Server thread/INFO]: [ChunkHolderManager] Saved 0 block chunks, 0 entity chunks, 0 poi chunks in world 'limbo' in 0.00s
[11:41:05] [Server thread/INFO]: ThreadedAnvilChunkStorage (world): All chunks are saved
[11:41:05] [Server thread/INFO]: ThreadedAnvilChunkStorage (DIM-1): All chunks are saved
[11:41:05] [Server thread/INFO]: ThreadedAnvilChunkStorage (DIM1): All chunks are saved
[11:41:05] [Server thread/INFO]: ThreadedAnvilChunkStorage (world_overworld): All chunks are saved
[11:41:05] [Server thread/INFO]: ThreadedAnvilChunkStorage (Lobby): All chunks are saved
[11:41:05] [Server thread/INFO]: ThreadedAnvilChunkStorage (limbo): All chunks are saved
[11:41:05] [Server thread/INFO]: ThreadedAnvilChunkStorage: All dimensions are saved
